I1223 12:49:25.334590     252 load.go:31] Reloading schema and connectors...
I1223 12:49:25.389053     252 control.go:94] [/emulator/cubagem-de-madeira b785] UpdateResources(): done
Main schema: sources: schema\schema.gql [945B] 
Connector "example": sources: 
I1223 12:49:25.448235     252 collector.go:107] schema extensions wrote into "C:\\Users\\p_919949\\OneDrive\\projetos-vscode\\cubagem-de-madeira\\dataconnect\\.dataconnect\\schema"
Generated sources: main\relation.gql [38453B] main\query.gql [6401B] main\mutation.gql [17310B] main\implicit.gql [2792B] main\input.gql [68729B] prelude.gql [73219B] 
I1223 12:49:25.448235     252 load.go:109] Finished reloading
I1223 12:49:25.450377     252 dev.go:104] Listening on address (HTTP + gRPC): 127.0.0.1:9399
I1223 12:49:25.450845     252 dev.go:104] Listening on address (HTTP + gRPC): [::1]:9399
I1223 12:49:32.707642     252 migrate.go:24] Running migration SQL:
Step 1: CREATE EXTENSION IF NOT EXISTS "uuid-ossp"
Step 2: CREATE TABLE "public"."user" ("id" uuid NOT NULL DEFAULT uuid_generate_v4(), "company_name" text NULL, "created_at" timestamptz NOT NULL, "display_name" text NOT NULL, "email" text NOT NULL, "photo_url" text NULL, PRIMARY KEY ("id"))
Step 3: CREATE TABLE "public"."container" ("id" uuid NOT NULL DEFAULT uuid_generate_v4(), "user_id" uuid NULL, "created_at" timestamptz NOT NULL, "description" text NULL, "internal_height" double precision NOT NULL, "internal_length" double precision NOT NULL, "internal_width" double precision NOT NULL, "max_weight_capacity" double precision NOT NULL, "name" text NOT NULL, "type" text NULL, PRIMARY KEY ("id"), CONSTRAINT "container_user_id_fkey" FOREIGN KEY ("user_id") REFERENCES "public"."user" ("id") ON DELETE SET NULL)
Step 4: CREATE INDEX "container_userId_idx" ON "public"."container" ("user_id")
Step 5: CREATE TABLE "public"."item" ("id" uuid NOT NULL DEFAULT uuid_generate_v4(), "user_id" uuid NULL, "created_at" timestamptz NOT NULL, "description" text NULL, "height" double precision NOT NULL, "length" double precision NOT NULL, "name" text NOT NULL, "rotatable" boolean NULL, "stackable" boolean NULL, "weight" double precision NOT NULL, "width" double precision NOT NULL, PRIMARY KEY ("id"), CONSTRAINT "item_user_id_fkey" FOREIGN KEY ("user_id") REFERENCES "public"."user" ("id") ON DELETE SET NULL)
Step 6: CREATE INDEX "item_userId_idx" ON "public"."item" ("user_id")
Step 7: CREATE TABLE "public"."loading_plan" ("id" uuid NOT NULL DEFAULT uuid_generate_v4(), "container_id" uuid NOT NULL, "user_id" uuid NULL, "created_at" timestamptz NOT NULL, "description" text NULL, "name" text NOT NULL, "total_volume_used" double precision NULL, "total_weight_loaded" double precision NULL, "updated_at" timestamptz NOT NULL, PRIMARY KEY ("id"), CONSTRAINT "loading_plan_container_id_fkey" FOREIGN KEY ("container_id") REFERENCES "public"."container" ("id") ON DELETE CASCADE, CONSTRAINT "loading_plan_user_id_fkey" FOREIGN KEY ("user_id") REFERENCES "public"."user" ("id") ON DELETE SET NULL)
Step 8: CREATE INDEX "loading_plan_containerId_idx" ON "public"."loading_plan" ("container_id")
Step 9: CREATE INDEX "loading_plan_userId_idx" ON "public"."loading_plan" ("user_id")
Step 10: CREATE TABLE "public"."loading_plan_item" ("id" uuid NOT NULL DEFAULT uuid_generate_v4(), "item_id" uuid NOT NULL, "loading_plan_id" uuid NOT NULL, "notes" text NULL, "orientation" text NOT NULL, "position_x" double precision NOT NULL, "position_y" double precision NOT NULL, "position_z" double precision NOT NULL, "quantity" integer NOT NULL, PRIMARY KEY ("id"), CONSTRAINT "loading_plan_item_item_id_fkey" FOREIGN KEY ("item_id") REFERENCES "public"."item" ("id") ON DELETE CASCADE, CONSTRAINT "loading_plan_item_loading_plan_id_fkey" FOREIGN KEY ("loading_plan_id") REFERENCES "public"."loading_plan" ("id") ON DELETE CASCADE)
Step 11: CREATE INDEX "loading_plan_item_itemId_idx" ON "public"."loading_plan_item" ("item_id")
Step 12: CREATE INDEX "loading_plan_item_loadingPlanId_idx" ON "public"."loading_plan_item" ("loading_plan_id")
I1223 12:49:32.865246     252 control.go:94] [/emulator/cubagem-de-madeira a334] UpdateResources(): done
Main schema: sources: schema\schema.gql [945B] 
Connector "example": sources: 
I1223 12:57:55.467403     252 load.go:31] Reloading schema and connectors...
E1223 12:57:55.488706     252 load.go:73] Could not load sources: 
Errors: schema\schema.gql:2:8: Cannot redeclare type Timestamp.
I1223 12:57:55.533073     252 collector.go:107] schema extensions wrote into "C:\\Users\\p_919949\\OneDrive\\projetos-vscode\\cubagem-de-madeira\\dataconnect\\.dataconnect\\schema"
Generated sources: prelude.gql [73219B] main\implicit.gql [2792B] main\input.gql [68729B] main\relation.gql [38453B] main\query.gql [6401B] main\mutation.gql [17310B] 
I1223 12:57:55.533820     252 load.go:74] Finished reloading
I1223 12:58:15.469462     252 load.go:31] Reloading schema and connectors...
E1223 12:58:15.475393     252 load.go:73] Could not load sources: 
Errors: schema\schema.gql:2:8: Cannot redeclare type Timestamp.
I1223 12:58:15.506102     252 collector.go:107] schema extensions wrote into "C:\\Users\\p_919949\\OneDrive\\projetos-vscode\\cubagem-de-madeira\\dataconnect\\.dataconnect\\schema"
Generated sources: main\relation.gql [38453B] main\query.gql [6401B] main\mutation.gql [17310B] main\implicit.gql [2792B] main\input.gql [68729B] prelude.gql [73219B] 
I1223 12:58:15.506102     252 load.go:74] Finished reloading
I1223 12:58:25.466657     252 load.go:31] Reloading schema and connectors...
I1223 12:58:25.860890     252 control.go:94] [/emulator/cubagem-de-madeira dca8] UpdateResources(): done
Main schema: sources: schema\schema.gql [945B] 
Connector "example": sources: 
I1223 12:58:25.913586     252 collector.go:107] schema extensions wrote into "C:\\Users\\p_919949\\OneDrive\\projetos-vscode\\cubagem-de-madeira\\dataconnect\\.dataconnect\\schema"
Generated sources: main\query.gql [6401B] main\mutation.gql [17310B] prelude.gql [73219B] main\implicit.gql [2792B] main\input.gql [68729B] main\relation.gql [38453B] 
I1223 12:58:25.913586     252 load.go:109] Finished reloading
